0 info it worked if it ends with ok
1 verbose cli [ '/usr/local/bin/node', '/usr/local/bin/npm', 'start' ]
2 info using npm@5.3.0
3 info using node@v8.4.0
4 verbose run-script [ 'prestart', 'start', 'poststart' ]
5 info lifecycle node-developer-boilerplate@0.5.0~prestart: node-developer-boilerplate@0.5.0
6 info lifecycle node-developer-boilerplate@0.5.0~start: node-developer-boilerplate@0.5.0
7 verbose lifecycle node-developer-boilerplate@0.5.0~start: unsafe-perm in lifecycle true
8 verbose lifecycle node-developer-boilerplate@0.5.0~start: PATH: /usr/local/lib/node_modules/npm/bin/node-gyp-bin:/usr/src/app/node_modules/.bin:/usr/local/sbin:/usr/local/bin:/usr/sbin:/usr/bin:/sbin:/bin
9 verbose lifecycle node-developer-boilerplate@0.5.0~start: CWD: /usr/src/app
10 silly lifecycle node-developer-boilerplate@0.5.0~start: Args: [ '-c', 'nodemon src/index.js --exec babel-node' ]
11 info lifecycle node-developer-boilerplate@0.5.0~start: Failed to exec start script
12 verbose stack Error: node-developer-boilerplate@0.5.0 start: `nodemon src/index.js --exec babel-node`
12 verbose stack spawn ENOENT
12 verbose stack     at ChildProcess.<anonymous> (/usr/local/lib/node_modules/npm/lib/utils/spawn.js:33:16)
12 verbose stack     at emitTwo (events.js:125:13)
12 verbose stack     at ChildProcess.emit (events.js:213:7)
12 verbose stack     at maybeClose (internal/child_process.js:927:16)
12 verbose stack     at Process.ChildProcess._handle.onexit (internal/child_process.js:211:5)
13 verbose pkgid node-developer-boilerplate@0.5.0
14 verbose cwd /usr/src/app
15 verbose Linux 4.10.0-32-generic
16 verbose argv "/usr/local/bin/node" "/usr/local/bin/npm" "start"
17 verbose node v8.4.0
18 verbose npm  v5.3.0
19 error file sh
20 error code ELIFECYCLE
21 error errno ENOENT
22 error syscall spawn
23 error node-developer-boilerplate@0.5.0 start: `nodemon src/index.js --exec babel-node`
23 error spawn ENOENT
24 error Failed at the node-developer-boilerplate@0.5.0 start script.
24 error This is probably not a problem with npm. There is likely additional logging output above.
25 verbose exit [ 1, true ]
